CRITICAL - 2023-09-26 08:32:19 --> Undefined variable $playlists
in APPPATH\Views\Music\include\modal1.php on line 10.
 1 APPPATH\Views\Music\include\modal1.php(10): CodeIgniter\Debug\Exceptions->errorHandler(2, 'Undefined variable $playlists', 'C:\\laragon\\www\\Act2\\app\\Views\\Music\\include\\modal1.php', 10)
 2 APPPATH\Views\Music\new.php(3): include('C:\\laragon\\www\\Act2\\app\\Views\\Music\\include\\modal1.php')
 3 SYSTEMPATH\View\View.php(226): include('C:\\laragon\\www\\Act2\\app\\Views\\Music\\new.php')
 4 SYSTEMPATH\View\View.php(229): CodeIgniter\View\View->CodeIgniter\View\{closure}()
 5 SYSTEMPATH\Common.php(1188): CodeIgniter\View\View->render('Music\\new', [], true)
 6 APPPATH\Controllers\MainController.php(28): view('Music\\new', [...])
 7 SYSTEMPATH\CodeIgniter.php(919): App\Controllers\MainController->index()
 8 SYSTEMPATH\CodeIgniter.php(494): CodeIgniter\CodeIgniter->runController(Object(App\Controllers\MainController))
 9 SYSTEMPATH\CodeIgniter.php(353): CodeIgniter\CodeIgniter->handleRequest(null, Object(Config\Cache), false)
10 FCPATH\index.php(79): CodeIgniter\CodeIgniter->run()
11 SYSTEMPATH\Commands\Server\rewrite.php(47): require_once('C:\\laragon\\www\\Act2\\public\\index.php')
CRITICAL - 2023-09-26 08:33:10 --> Undefined variable $playlists
in APPPATH\Views\Music\include\modal1.php on line 10.
 1 APPPATH\Views\Music\include\modal1.php(10): CodeIgniter\Debug\Exceptions->errorHandler(2, 'Undefined variable $playlists', 'C:\\laragon\\www\\Act2\\app\\Views\\Music\\include\\modal1.php', 10)
 2 APPPATH\Views\Music\new.php(3): include('C:\\laragon\\www\\Act2\\app\\Views\\Music\\include\\modal1.php')
 3 SYSTEMPATH\View\View.php(226): include('C:\\laragon\\www\\Act2\\app\\Views\\Music\\new.php')
 4 SYSTEMPATH\View\View.php(229): CodeIgniter\View\View->CodeIgniter\View\{closure}()
 5 SYSTEMPATH\Common.php(1188): CodeIgniter\View\View->render('Music\\new', [], true)
 6 APPPATH\Controllers\MainController.php(28): view('Music\\new', [...])
 7 SYSTEMPATH\CodeIgniter.php(919): App\Controllers\MainController->index()
 8 SYSTEMPATH\CodeIgniter.php(494): CodeIgniter\CodeIgniter->runController(Object(App\Controllers\MainController))
 9 SYSTEMPATH\CodeIgniter.php(353): CodeIgniter\CodeIgniter->handleRequest(null, Object(Config\Cache), false)
10 FCPATH\index.php(79): CodeIgniter\CodeIgniter->run()
11 SYSTEMPATH\Commands\Server\rewrite.php(47): require_once('C:\\laragon\\www\\Act2\\public\\index.php')
CRITICAL - 2023-09-26 09:35:48 --> Undefined variable $playlists
in APPPATH\Views\Music\include\modal1.php on line 10.
 1 APPPATH\Views\Music\include\modal1.php(10): CodeIgniter\Debug\Exceptions->errorHandler(2, 'Undefined variable $playlists', 'C:\\laragon\\www\\Act2\\app\\Views\\Music\\include\\modal1.php', 10)
 2 APPPATH\Views\Music\new.php(3): include('C:\\laragon\\www\\Act2\\app\\Views\\Music\\include\\modal1.php')
 3 SYSTEMPATH\View\View.php(226): include('C:\\laragon\\www\\Act2\\app\\Views\\Music\\new.php')
 4 SYSTEMPATH\View\View.php(229): CodeIgniter\View\View->CodeIgniter\View\{closure}()
 5 SYSTEMPATH\Common.php(1188): CodeIgniter\View\View->render('Music\\new', [], true)
 6 APPPATH\Controllers\MainController.php(28): view('Music\\new', [...])
 7 SYSTEMPATH\CodeIgniter.php(919): App\Controllers\MainController->index()
 8 SYSTEMPATH\CodeIgniter.php(494): CodeIgniter\CodeIgniter->runController(Object(App\Controllers\MainController))
 9 SYSTEMPATH\CodeIgniter.php(353): CodeIgniter\CodeIgniter->handleRequest(null, Object(Config\Cache), false)
10 FCPATH\index.php(79): CodeIgniter\CodeIgniter->run()
11 SYSTEMPATH\Commands\Server\rewrite.php(47): require_once('C:\\laragon\\www\\Act2\\public\\index.php')
CRITICAL - 2023-09-26 09:35:58 --> Undefined variable $playlists
in APPPATH\Views\Music\include\modal1.php on line 10.
 1 APPPATH\Views\Music\include\modal1.php(10): CodeIgniter\Debug\Exceptions->errorHandler(2, 'Undefined variable $playlists', 'C:\\laragon\\www\\Act2\\app\\Views\\Music\\include\\modal1.php', 10)
 2 APPPATH\Views\Music\new.php(3): include('C:\\laragon\\www\\Act2\\app\\Views\\Music\\include\\modal1.php')
 3 SYSTEMPATH\View\View.php(226): include('C:\\laragon\\www\\Act2\\app\\Views\\Music\\new.php')
 4 SYSTEMPATH\View\View.php(229): CodeIgniter\View\View->CodeIgniter\View\{closure}()
 5 SYSTEMPATH\Common.php(1188): CodeIgniter\View\View->render('Music\\new', [], true)
 6 APPPATH\Controllers\MainController.php(28): view('Music\\new', [...])
 7 SYSTEMPATH\CodeIgniter.php(919): App\Controllers\MainController->index()
 8 SYSTEMPATH\CodeIgniter.php(494): CodeIgniter\CodeIgniter->runController(Object(App\Controllers\MainController))
 9 SYSTEMPATH\CodeIgniter.php(353): CodeIgniter\CodeIgniter->handleRequest(null, Object(Config\Cache), false)
10 FCPATH\index.php(79): CodeIgniter\CodeIgniter->run()
11 SYSTEMPATH\Commands\Server\rewrite.php(47): require_once('C:\\laragon\\www\\Act2\\public\\index.php')
CRITICAL - 2023-09-26 09:35:59 --> Undefined variable $playlists
in APPPATH\Views\Music\include\modal1.php on line 10.
 1 APPPATH\Views\Music\include\modal1.php(10): CodeIgniter\Debug\Exceptions->errorHandler(2, 'Undefined variable $playlists', 'C:\\laragon\\www\\Act2\\app\\Views\\Music\\include\\modal1.php', 10)
 2 APPPATH\Views\Music\new.php(3): include('C:\\laragon\\www\\Act2\\app\\Views\\Music\\include\\modal1.php')
 3 SYSTEMPATH\View\View.php(226): include('C:\\laragon\\www\\Act2\\app\\Views\\Music\\new.php')
 4 SYSTEMPATH\View\View.php(229): CodeIgniter\View\View->CodeIgniter\View\{closure}()
 5 SYSTEMPATH\Common.php(1188): CodeIgniter\View\View->render('Music\\new', [], true)
 6 APPPATH\Controllers\MainController.php(28): view('Music\\new', [...])
 7 SYSTEMPATH\CodeIgniter.php(919): App\Controllers\MainController->index()
 8 SYSTEMPATH\CodeIgniter.php(494): CodeIgniter\CodeIgniter->runController(Object(App\Controllers\MainController))
 9 SYSTEMPATH\CodeIgniter.php(353): CodeIgniter\CodeIgniter->handleRequest(null, Object(Config\Cache), false)
10 FCPATH\index.php(79): CodeIgniter\CodeIgniter->run()
11 SYSTEMPATH\Commands\Server\rewrite.php(47): require_once('C:\\laragon\\www\\Act2\\public\\index.php')
CRITICAL - 2023-09-26 09:35:59 --> Undefined variable $playlists
in APPPATH\Views\Music\include\modal1.php on line 10.
 1 APPPATH\Views\Music\include\modal1.php(10): CodeIgniter\Debug\Exceptions->errorHandler(2, 'Undefined variable $playlists', 'C:\\laragon\\www\\Act2\\app\\Views\\Music\\include\\modal1.php', 10)
 2 APPPATH\Views\Music\new.php(3): include('C:\\laragon\\www\\Act2\\app\\Views\\Music\\include\\modal1.php')
 3 SYSTEMPATH\View\View.php(226): include('C:\\laragon\\www\\Act2\\app\\Views\\Music\\new.php')
 4 SYSTEMPATH\View\View.php(229): CodeIgniter\View\View->CodeIgniter\View\{closure}()
 5 SYSTEMPATH\Common.php(1188): CodeIgniter\View\View->render('Music\\new', [], true)
 6 APPPATH\Controllers\MainController.php(28): view('Music\\new', [...])
 7 SYSTEMPATH\CodeIgniter.php(919): App\Controllers\MainController->index()
 8 SYSTEMPATH\CodeIgniter.php(494): CodeIgniter\CodeIgniter->runController(Object(App\Controllers\MainController))
 9 SYSTEMPATH\CodeIgniter.php(353): CodeIgniter\CodeIgniter->handleRequest(null, Object(Config\Cache), false)
10 FCPATH\index.php(79): CodeIgniter\CodeIgniter->run()
11 SYSTEMPATH\Commands\Server\rewrite.php(47): require_once('C:\\laragon\\www\\Act2\\public\\index.php')
CRITICAL - 2023-09-26 09:36:09 --> syntax error, unexpected token "endforeach", expecting end of file
in APPPATH\Views\Music\include\modal2.php on line 22.
 1 SYSTEMPATH\View\View.php(226): include()
 2 SYSTEMPATH\View\View.php(229): CodeIgniter\View\View->CodeIgniter\View\{closure}()
 3 SYSTEMPATH\Common.php(1188): CodeIgniter\View\View->render('Music\\new', [], true)
 4 APPPATH\Controllers\MainController.php(28): view('Music\\new', [...])
 5 SYSTEMPATH\CodeIgniter.php(919): App\Controllers\MainController->index()
 6 SYSTEMPATH\CodeIgniter.php(494): CodeIgniter\CodeIgniter->runController(Object(App\Controllers\MainController))
 7 SYSTEMPATH\CodeIgniter.php(353): CodeIgniter\CodeIgniter->handleRequest(null, Object(Config\Cache), false)
 8 FCPATH\index.php(79): CodeIgniter\CodeIgniter->run()
 9 SYSTEMPATH\Commands\Server\rewrite.php(47): require_once('C:\\laragon\\www\\Act2\\public\\index.php')
CRITICAL - 2023-09-26 09:36:47 --> syntax error, unexpected token "endforeach", expecting end of file
in APPPATH\Views\Music\include\modal2.php on line 22.
 1 SYSTEMPATH\View\View.php(226): include()
 2 SYSTEMPATH\View\View.php(229): CodeIgniter\View\View->CodeIgniter\View\{closure}()
 3 SYSTEMPATH\Common.php(1188): CodeIgniter\View\View->render('Music\\new', [], true)
 4 APPPATH\Controllers\MainController.php(28): view('Music\\new', [...])
 5 SYSTEMPATH\CodeIgniter.php(919): App\Controllers\MainController->index()
 6 SYSTEMPATH\CodeIgniter.php(494): CodeIgniter\CodeIgniter->runController(Object(App\Controllers\MainController))
 7 SYSTEMPATH\CodeIgniter.php(353): CodeIgniter\CodeIgniter->handleRequest(null, Object(Config\Cache), false)
 8 FCPATH\index.php(79): CodeIgniter\CodeIgniter->run()
 9 SYSTEMPATH\Commands\Server\rewrite.php(47): require_once('C:\\laragon\\www\\Act2\\public\\index.php')
CRITICAL - 2023-09-26 09:41:08 --> syntax error, unexpected token "endforeach", expecting end of file
in APPPATH\Views\Music\include\modal2.php on line 22.
 1 SYSTEMPATH\View\View.php(226): include()
 2 SYSTEMPATH\View\View.php(229): CodeIgniter\View\View->CodeIgniter\View\{closure}()
 3 SYSTEMPATH\Common.php(1188): CodeIgniter\View\View->render('Music\\new', [], true)
 4 APPPATH\Controllers\MainController.php(28): view('Music\\new', [...])
 5 SYSTEMPATH\CodeIgniter.php(919): App\Controllers\MainController->index()
 6 SYSTEMPATH\CodeIgniter.php(494): CodeIgniter\CodeIgniter->runController(Object(App\Controllers\MainController))
 7 SYSTEMPATH\CodeIgniter.php(353): CodeIgniter\CodeIgniter->handleRequest(null, Object(Config\Cache), false)
 8 FCPATH\index.php(79): CodeIgniter\CodeIgniter->run()
 9 SYSTEMPATH\Commands\Server\rewrite.php(47): require_once('C:\\laragon\\www\\Act2\\public\\index.php')
CRITICAL - 2023-09-26 09:41:38 --> Undefined variable $playlists
in APPPATH\Views\Music\include\modal2.php on line 17.
 1 APPPATH\Views\Music\include\modal2.php(17): CodeIgniter\Debug\Exceptions->errorHandler(2, 'Undefined variable $playlists', 'C:\\laragon\\www\\Act2\\app\\Views\\Music\\include\\modal2.php', 17)
 2 APPPATH\Views\Music\new.php(4): include('C:\\laragon\\www\\Act2\\app\\Views\\Music\\include\\modal2.php')
 3 SYSTEMPATH\View\View.php(226): include('C:\\laragon\\www\\Act2\\app\\Views\\Music\\new.php')
 4 SYSTEMPATH\View\View.php(229): CodeIgniter\View\View->CodeIgniter\View\{closure}()
 5 SYSTEMPATH\Common.php(1188): CodeIgniter\View\View->render('Music\\new', [], true)
 6 APPPATH\Controllers\MainController.php(28): view('Music\\new', [...])
 7 SYSTEMPATH\CodeIgniter.php(919): App\Controllers\MainController->index()
 8 SYSTEMPATH\CodeIgniter.php(494): CodeIgniter\CodeIgniter->runController(Object(App\Controllers\MainController))
 9 SYSTEMPATH\CodeIgniter.php(353): CodeIgniter\CodeIgniter->handleRequest(null, Object(Config\Cache), false)
10 FCPATH\index.php(79): CodeIgniter\CodeIgniter->run()
11 SYSTEMPATH\Commands\Server\rewrite.php(47): require_once('C:\\laragon\\www\\Act2\\public\\index.php')
CRITICAL - 2023-09-26 09:43:08 --> Undefined variable $playlist
in APPPATH\Views\Music\include\modal1.php on line 10.
 1 APPPATH\Views\Music\include\modal1.php(10): CodeIgniter\Debug\Exceptions->errorHandler(2, 'Undefined variable $playlist', 'C:\\laragon\\www\\Act2\\app\\Views\\Music\\include\\modal1.php', 10)
 2 APPPATH\Views\Music\new.php(3): include('C:\\laragon\\www\\Act2\\app\\Views\\Music\\include\\modal1.php')
 3 SYSTEMPATH\View\View.php(226): include('C:\\laragon\\www\\Act2\\app\\Views\\Music\\new.php')
 4 SYSTEMPATH\View\View.php(229): CodeIgniter\View\View->CodeIgniter\View\{closure}()
 5 SYSTEMPATH\Common.php(1188): CodeIgniter\View\View->render('Music\\new', [], true)
 6 APPPATH\Controllers\MainController.php(28): view('Music\\new', [...])
 7 SYSTEMPATH\CodeIgniter.php(919): App\Controllers\MainController->index()
 8 SYSTEMPATH\CodeIgniter.php(494): CodeIgniter\CodeIgniter->runController(Object(App\Controllers\MainController))
 9 SYSTEMPATH\CodeIgniter.php(353): CodeIgniter\CodeIgniter->handleRequest(null, Object(Config\Cache), false)
10 FCPATH\index.php(79): CodeIgniter\CodeIgniter->run()
11 SYSTEMPATH\Commands\Server\rewrite.php(47): require_once('C:\\laragon\\www\\Act2\\public\\index.php')
CRITICAL - 2023-09-26 09:44:29 --> Undefined variable $playlists
in APPPATH\Views\Music\include\modal2.php on line 17.
 1 APPPATH\Views\Music\include\modal2.php(17): CodeIgniter\Debug\Exceptions->errorHandler(2, 'Undefined variable $playlists', 'C:\\laragon\\www\\Act2\\app\\Views\\Music\\include\\modal2.php', 17)
 2 APPPATH\Views\Music\new.php(4): include('C:\\laragon\\www\\Act2\\app\\Views\\Music\\include\\modal2.php')
 3 SYSTEMPATH\View\View.php(226): include('C:\\laragon\\www\\Act2\\app\\Views\\Music\\new.php')
 4 SYSTEMPATH\View\View.php(229): CodeIgniter\View\View->CodeIgniter\View\{closure}()
 5 SYSTEMPATH\Common.php(1188): CodeIgniter\View\View->render('Music\\new', [], true)
 6 APPPATH\Controllers\MainController.php(28): view('Music\\new', [...])
 7 SYSTEMPATH\CodeIgniter.php(919): App\Controllers\MainController->index()
 8 SYSTEMPATH\CodeIgniter.php(494): CodeIgniter\CodeIgniter->runController(Object(App\Controllers\MainController))
 9 SYSTEMPATH\CodeIgniter.php(353): CodeIgniter\CodeIgniter->handleRequest(null, Object(Config\Cache), false)
10 FCPATH\index.php(79): CodeIgniter\CodeIgniter->run()
11 SYSTEMPATH\Commands\Server\rewrite.php(47): require_once('C:\\laragon\\www\\Act2\\public\\index.php')
CRITICAL - 2023-09-26 10:02:13 --> Undefined array key "SongFileAddress"
in APPPATH\Views\Music\new.php on line 19.
 1 APPPATH\Views\Music\new.php(19): CodeIgniter\Debug\Exceptions->errorHandler(2, 'Undefined array key "SongFileAddress"', 'C:\\laragon\\www\\Act2\\app\\Views\\Music\\new.php', 19)
 2 SYSTEMPATH\View\View.php(226): include('C:\\laragon\\www\\Act2\\app\\Views\\Music\\new.php')
 3 SYSTEMPATH\View\View.php(229): CodeIgniter\View\View->CodeIgniter\View\{closure}()
 4 SYSTEMPATH\Common.php(1188): CodeIgniter\View\View->render('Music\\new', [], true)
 5 APPPATH\Controllers\MainController.php(28): view('Music\\new', [...])
 6 SYSTEMPATH\CodeIgniter.php(919): App\Controllers\MainController->index()
 7 SYSTEMPATH\CodeIgniter.php(494): CodeIgniter\CodeIgniter->runController(Object(App\Controllers\MainController))
 8 SYSTEMPATH\CodeIgniter.php(353): CodeIgniter\CodeIgniter->handleRequest(null, Object(Config\Cache), false)
 9 FCPATH\index.php(79): CodeIgniter\CodeIgniter->run()
10 SYSTEMPATH\Commands\Server\rewrite.php(47): require_once('C:\\laragon\\www\\Act2\\public\\index.php')
CRITICAL - 2023-09-26 10:03:27 --> Undefined array key "SongName"
in APPPATH\Views\Music\new.php on line 20.
 1 APPPATH\Views\Music\new.php(20): CodeIgniter\Debug\Exceptions->errorHandler(2, 'Undefined array key "SongName"', 'C:\\laragon\\www\\Act2\\app\\Views\\Music\\new.php', 20)
 2 SYSTEMPATH\View\View.php(226): include('C:\\laragon\\www\\Act2\\app\\Views\\Music\\new.php')
 3 SYSTEMPATH\View\View.php(229): CodeIgniter\View\View->CodeIgniter\View\{closure}()
 4 SYSTEMPATH\Common.php(1188): CodeIgniter\View\View->render('Music\\new', [], true)
 5 APPPATH\Controllers\MainController.php(28): view('Music\\new', [...])
 6 SYSTEMPATH\CodeIgniter.php(919): App\Controllers\MainController->index()
 7 SYSTEMPATH\CodeIgniter.php(494): CodeIgniter\CodeIgniter->runController(Object(App\Controllers\MainController))
 8 SYSTEMPATH\CodeIgniter.php(353): CodeIgniter\CodeIgniter->handleRequest(null, Object(Config\Cache), false)
 9 FCPATH\index.php(79): CodeIgniter\CodeIgniter->run()
10 SYSTEMPATH\Commands\Server\rewrite.php(47): require_once('C:\\laragon\\www\\Act2\\public\\index.php')
CRITICAL - 2023-09-26 10:03:48 --> Undefined array key "id"
in APPPATH\Views\Music\new.php on line 21.
 1 APPPATH\Views\Music\new.php(21): CodeIgniter\Debug\Exceptions->errorHandler(2, 'Undefined array key "id"', 'C:\\laragon\\www\\Act2\\app\\Views\\Music\\new.php', 21)
 2 SYSTEMPATH\View\View.php(226): include('C:\\laragon\\www\\Act2\\app\\Views\\Music\\new.php')
 3 SYSTEMPATH\View\View.php(229): CodeIgniter\View\View->CodeIgniter\View\{closure}()
 4 SYSTEMPATH\Common.php(1188): CodeIgniter\View\View->render('Music\\new', [], true)
 5 APPPATH\Controllers\MainController.php(28): view('Music\\new', [...])
 6 SYSTEMPATH\CodeIgniter.php(919): App\Controllers\MainController->index()
 7 SYSTEMPATH\CodeIgniter.php(494): CodeIgniter\CodeIgniter->runController(Object(App\Controllers\MainController))
 8 SYSTEMPATH\CodeIgniter.php(353): CodeIgniter\CodeIgniter->handleRequest(null, Object(Config\Cache), false)
 9 FCPATH\index.php(79): CodeIgniter\CodeIgniter->run()
10 SYSTEMPATH\Commands\Server\rewrite.php(47): require_once('C:\\laragon\\www\\Act2\\public\\index.php')
CRITICAL - 2023-09-26 10:04:25 --> There is no data to insert.
in SYSTEMPATH\BaseModel.php on line 768.
 1 SYSTEMPATH\BaseModel.php(768): CodeIgniter\Database\Exceptions\DataException::forEmptyDataset('insert')
 2 SYSTEMPATH\Model.php(715): CodeIgniter\BaseModel->insert([], false)
 3 SYSTEMPATH\BaseModel.php(698): CodeIgniter\Model->insert([...], false)
 4 APPPATH\Controllers\MainController.php(87): CodeIgniter\BaseModel->save([...])
 5 SYSTEMPATH\CodeIgniter.php(919): App\Controllers\MainController->createPlaylist()
 6 SYSTEMPATH\CodeIgniter.php(494): CodeIgniter\CodeIgniter->runController(Object(App\Controllers\MainController))
 7 SYSTEMPATH\CodeIgniter.php(353): CodeIgniter\CodeIgniter->handleRequest(null, Object(Config\Cache), false)
 8 FCPATH\index.php(79): CodeIgniter\CodeIgniter->run()
 9 SYSTEMPATH\Commands\Server\rewrite.php(47): require_once('C:\\laragon\\www\\Act2\\public\\index.php')
CRITICAL - 2023-09-26 10:09:11 --> Undefined array key "playID"
in APPPATH\Views\Music\include\modal1.php on line 11.
 1 APPPATH\Views\Music\include\modal1.php(11): CodeIgniter\Debug\Exceptions->errorHandler(2, 'Undefined array key "playID"', 'C:\\laragon\\www\\Act2\\app\\Views\\Music\\include\\modal1.php', 11)
 2 APPPATH\Views\Music\new.php(3): include('C:\\laragon\\www\\Act2\\app\\Views\\Music\\include\\modal1.php')
 3 SYSTEMPATH\View\View.php(226): include('C:\\laragon\\www\\Act2\\app\\Views\\Music\\new.php')
 4 SYSTEMPATH\View\View.php(229): CodeIgniter\View\View->CodeIgniter\View\{closure}()
 5 SYSTEMPATH\Common.php(1188): CodeIgniter\View\View->render('Music\\new', [], true)
 6 APPPATH\Controllers\MainController.php(28): view('Music\\new', [...])
 7 SYSTEMPATH\CodeIgniter.php(919): App\Controllers\MainController->index()
 8 SYSTEMPATH\CodeIgniter.php(494): CodeIgniter\CodeIgniter->runController(Object(App\Controllers\MainController))
 9 SYSTEMPATH\CodeIgniter.php(353): CodeIgniter\CodeIgniter->handleRequest(null, Object(Config\Cache), false)
10 FCPATH\index.php(79): CodeIgniter\CodeIgniter->run()
11 SYSTEMPATH\Commands\Server\rewrite.php(47): require_once('C:\\laragon\\www\\Act2\\public\\index.php')
CRITICAL - 2023-09-26 10:10:01 --> Undefined array key "play_ID"
in APPPATH\Views\Music\include\modal1.php on line 11.
 1 APPPATH\Views\Music\include\modal1.php(11): CodeIgniter\Debug\Exceptions->errorHandler(2, 'Undefined array key "play_ID"', 'C:\\laragon\\www\\Act2\\app\\Views\\Music\\include\\modal1.php', 11)
 2 APPPATH\Views\Music\new.php(3): include('C:\\laragon\\www\\Act2\\app\\Views\\Music\\include\\modal1.php')
 3 SYSTEMPATH\View\View.php(226): include('C:\\laragon\\www\\Act2\\app\\Views\\Music\\new.php')
 4 SYSTEMPATH\View\View.php(229): CodeIgniter\View\View->CodeIgniter\View\{closure}()
 5 SYSTEMPATH\Common.php(1188): CodeIgniter\View\View->render('Music\\new', [], true)
 6 APPPATH\Controllers\MainController.php(28): view('Music\\new', [...])
 7 SYSTEMPATH\CodeIgniter.php(919): App\Controllers\MainController->index()
 8 SYSTEMPATH\CodeIgniter.php(494): CodeIgniter\CodeIgniter->runController(Object(App\Controllers\MainController))
 9 SYSTEMPATH\CodeIgniter.php(353): CodeIgniter\CodeIgniter->handleRequest(null, Object(Config\Cache), false)
10 FCPATH\index.php(79): CodeIgniter\CodeIgniter->run()
11 SYSTEMPATH\Commands\Server\rewrite.php(47): require_once('C:\\laragon\\www\\Act2\\public\\index.php')
CRITICAL - 2023-09-26 10:10:02 --> Undefined array key "play_ID"
in APPPATH\Views\Music\include\modal1.php on line 11.
 1 APPPATH\Views\Music\include\modal1.php(11): CodeIgniter\Debug\Exceptions->errorHandler(2, 'Undefined array key "play_ID"', 'C:\\laragon\\www\\Act2\\app\\Views\\Music\\include\\modal1.php', 11)
 2 APPPATH\Views\Music\new.php(3): include('C:\\laragon\\www\\Act2\\app\\Views\\Music\\include\\modal1.php')
 3 SYSTEMPATH\View\View.php(226): include('C:\\laragon\\www\\Act2\\app\\Views\\Music\\new.php')
 4 SYSTEMPATH\View\View.php(229): CodeIgniter\View\View->CodeIgniter\View\{closure}()
 5 SYSTEMPATH\Common.php(1188): CodeIgniter\View\View->render('Music\\new', [], true)
 6 APPPATH\Controllers\MainController.php(28): view('Music\\new', [...])
 7 SYSTEMPATH\CodeIgniter.php(919): App\Controllers\MainController->index()
 8 SYSTEMPATH\CodeIgniter.php(494): CodeIgniter\CodeIgniter->runController(Object(App\Controllers\MainController))
 9 SYSTEMPATH\CodeIgniter.php(353): CodeIgniter\CodeIgniter->handleRequest(null, Object(Config\Cache), false)
10 FCPATH\index.php(79): CodeIgniter\CodeIgniter->run()
11 SYSTEMPATH\Commands\Server\rewrite.php(47): require_once('C:\\laragon\\www\\Act2\\public\\index.php')
CRITICAL - 2023-09-26 10:10:03 --> Undefined array key "play_ID"
in APPPATH\Views\Music\include\modal1.php on line 11.
 1 APPPATH\Views\Music\include\modal1.php(11): CodeIgniter\Debug\Exceptions->errorHandler(2, 'Undefined array key "play_ID"', 'C:\\laragon\\www\\Act2\\app\\Views\\Music\\include\\modal1.php', 11)
 2 APPPATH\Views\Music\new.php(3): include('C:\\laragon\\www\\Act2\\app\\Views\\Music\\include\\modal1.php')
 3 SYSTEMPATH\View\View.php(226): include('C:\\laragon\\www\\Act2\\app\\Views\\Music\\new.php')
 4 SYSTEMPATH\View\View.php(229): CodeIgniter\View\View->CodeIgniter\View\{closure}()
 5 SYSTEMPATH\Common.php(1188): CodeIgniter\View\View->render('Music\\new', [], true)
 6 APPPATH\Controllers\MainController.php(28): view('Music\\new', [...])
 7 SYSTEMPATH\CodeIgniter.php(919): App\Controllers\MainController->index()
 8 SYSTEMPATH\CodeIgniter.php(494): CodeIgniter\CodeIgniter->runController(Object(App\Controllers\MainController))
 9 SYSTEMPATH\CodeIgniter.php(353): CodeIgniter\CodeIgniter->handleRequest(null, Object(Config\Cache), false)
10 FCPATH\index.php(79): CodeIgniter\CodeIgniter->run()
11 SYSTEMPATH\Commands\Server\rewrite.php(47): require_once('C:\\laragon\\www\\Act2\\public\\index.php')
CRITICAL - 2023-09-26 10:10:34 --> Undefined array key "play_ID"
in APPPATH\Views\Music\include\modal1.php on line 11.
 1 APPPATH\Views\Music\include\modal1.php(11): CodeIgniter\Debug\Exceptions->errorHandler(2, 'Undefined array key "play_ID"', 'C:\\laragon\\www\\Act2\\app\\Views\\Music\\include\\modal1.php', 11)
 2 APPPATH\Views\Music\new.php(3): include('C:\\laragon\\www\\Act2\\app\\Views\\Music\\include\\modal1.php')
 3 SYSTEMPATH\View\View.php(226): include('C:\\laragon\\www\\Act2\\app\\Views\\Music\\new.php')
 4 SYSTEMPATH\View\View.php(229): CodeIgniter\View\View->CodeIgniter\View\{closure}()
 5 SYSTEMPATH\Common.php(1188): CodeIgniter\View\View->render('Music\\new', [], true)
 6 APPPATH\Controllers\MainController.php(28): view('Music\\new', [...])
 7 SYSTEMPATH\CodeIgniter.php(919): App\Controllers\MainController->index()
 8 SYSTEMPATH\CodeIgniter.php(494): CodeIgniter\CodeIgniter->runController(Object(App\Controllers\MainController))
 9 SYSTEMPATH\CodeIgniter.php(353): CodeIgniter\CodeIgniter->handleRequest(null, Object(Config\Cache), false)
10 FCPATH\index.php(79): CodeIgniter\CodeIgniter->run()
11 SYSTEMPATH\Commands\Server\rewrite.php(47): require_once('C:\\laragon\\www\\Act2\\public\\index.php')
CRITICAL - 2023-09-26 10:10:47 --> Undefined array key "playlistName"
in APPPATH\Views\Music\include\modal1.php on line 11.
 1 APPPATH\Views\Music\include\modal1.php(11): CodeIgniter\Debug\Exceptions->errorHandler(2, 'Undefined array key "playlistName"', 'C:\\laragon\\www\\Act2\\app\\Views\\Music\\include\\modal1.php', 11)
 2 APPPATH\Views\Music\new.php(3): include('C:\\laragon\\www\\Act2\\app\\Views\\Music\\include\\modal1.php')
 3 SYSTEMPATH\View\View.php(226): include('C:\\laragon\\www\\Act2\\app\\Views\\Music\\new.php')
 4 SYSTEMPATH\View\View.php(229): CodeIgniter\View\View->CodeIgniter\View\{closure}()
 5 SYSTEMPATH\Common.php(1188): CodeIgniter\View\View->render('Music\\new', [], true)
 6 APPPATH\Controllers\MainController.php(28): view('Music\\new', [...])
 7 SYSTEMPATH\CodeIgniter.php(919): App\Controllers\MainController->index()
 8 SYSTEMPATH\CodeIgniter.php(494): CodeIgniter\CodeIgniter->runController(Object(App\Controllers\MainController))
 9 SYSTEMPATH\CodeIgniter.php(353): CodeIgniter\CodeIgniter->handleRequest(null, Object(Config\Cache), false)
10 FCPATH\index.php(79): CodeIgniter\CodeIgniter->run()
11 SYSTEMPATH\Commands\Server\rewrite.php(47): require_once('C:\\laragon\\www\\Act2\\public\\index.php')
CRITICAL - 2023-09-26 10:10:56 --> Undefined array key "play_ID"
in APPPATH\Views\Music\include\modal2.php on line 19.
 1 APPPATH\Views\Music\include\modal2.php(19): CodeIgniter\Debug\Exceptions->errorHandler(2, 'Undefined array key "play_ID"', 'C:\\laragon\\www\\Act2\\app\\Views\\Music\\include\\modal2.php', 19)
 2 APPPATH\Views\Music\new.php(4): include('C:\\laragon\\www\\Act2\\app\\Views\\Music\\include\\modal2.php')
 3 SYSTEMPATH\View\View.php(226): include('C:\\laragon\\www\\Act2\\app\\Views\\Music\\new.php')
 4 SYSTEMPATH\View\View.php(229): CodeIgniter\View\View->CodeIgniter\View\{closure}()
 5 SYSTEMPATH\Common.php(1188): CodeIgniter\View\View->render('Music\\new', [], true)
 6 APPPATH\Controllers\MainController.php(28): view('Music\\new', [...])
 7 SYSTEMPATH\CodeIgniter.php(919): App\Controllers\MainController->index()
 8 SYSTEMPATH\CodeIgniter.php(494): CodeIgniter\CodeIgniter->runController(Object(App\Controllers\MainController))
 9 SYSTEMPATH\CodeIgniter.php(353): CodeIgniter\CodeIgniter->handleRequest(null, Object(Config\Cache), false)
10 FCPATH\index.php(79): CodeIgniter\CodeIgniter->run()
11 SYSTEMPATH\Commands\Server\rewrite.php(47): require_once('C:\\laragon\\www\\Act2\\public\\index.php')
CRITICAL - 2023-09-26 10:17:39 --> Undefined property: App\Controllers\MainController::$playlistTracks
in APPPATH\Controllers\MainController.php on line 98.
 1 APPPATH\Controllers\MainController.php(98): CodeIgniter\Debug\Exceptions->errorHandler(2, 'Undefined property: App\\Controllers\\MainController::$playlistTracks', 'C:\\laragon\\www\\Act2\\app\\Controllers\\MainController.php', 98)
 2 SYSTEMPATH\CodeIgniter.php(919): App\Controllers\MainController->addToPlaylist()
 3 SYSTEMPATH\CodeIgniter.php(494): CodeIgniter\CodeIgniter->runController(Object(App\Controllers\MainController))
 4 SYSTEMPATH\CodeIgniter.php(353): CodeIgniter\CodeIgniter->handleRequest(null, Object(Config\Cache), false)
 5 FCPATH\index.php(79): CodeIgniter\CodeIgniter->run()
 6 SYSTEMPATH\Commands\Server\rewrite.php(47): require_once('C:\\laragon\\www\\Act2\\public\\index.php')
ERROR - 2023-09-26 10:18:55 --> mysqli_sql_exception: Column 'playlist_ID' cannot be null in C:\laragon\www\Act2\system\Database\MySQLi\Connection.php:306
Stack trace:
#0 C:\laragon\www\Act2\system\Database\MySQLi\Connection.php(306): mysqli->query('INSERT INTO `tr...', 0)
#1 C:\laragon\www\Act2\system\Database\BaseConnection.php(692): CodeIgniter\Database\MySQLi\Connection->execute('INSERT INTO `tr...')
#2 C:\laragon\www\Act2\system\Database\BaseConnection.php(606): CodeIgniter\Database\BaseConnection->simpleQuery('INSERT INTO `tr...')
#3 C:\laragon\www\Act2\system\Database\BaseBuilder.php(2308): CodeIgniter\Database\BaseConnection->query('INSERT INTO `tr...', Array, false)
#4 C:\laragon\www\Act2\system\Model.php(319): CodeIgniter\Database\BaseBuilder->insert()
#5 C:\laragon\www\Act2\system\BaseModel.php(788): CodeIgniter\Model->doInsert(Array)
#6 C:\laragon\www\Act2\system\Model.php(715): CodeIgniter\BaseModel->insert(Array, false)
#7 C:\laragon\www\Act2\system\BaseModel.php(698): CodeIgniter\Model->insert(Array, false)
#8 C:\laragon\www\Act2\app\Controllers\MainController.php(98): CodeIgniter\BaseModel->save(Array)
#9 C:\laragon\www\Act2\system\CodeIgniter.php(919): App\Controllers\MainController->addToPlaylist()
#10 C:\laragon\www\Act2\system\CodeIgniter.php(494): CodeIgniter\CodeIgniter->runController(Object(App\Controllers\MainController))
#11 C:\laragon\www\Act2\system\CodeIgniter.php(353): CodeIgniter\CodeIgniter->handleRequest(NULL, Object(Config\Cache), false)
#12 C:\laragon\www\Act2\public\index.php(79): CodeIgniter\CodeIgniter->run()
#13 C:\laragon\www\Act2\system\Commands\Server\rewrite.php(47): require_once('C:\\laragon\\www\\...')
#14 {main}
CRITICAL - 2023-09-26 10:18:55 --> Column 'playlist_ID' cannot be null
in SYSTEMPATH\Database\BaseConnection.php on line 646.
 1 SYSTEMPATH\Database\BaseBuilder.php(2308): CodeIgniter\Database\BaseConnection->query('INSERT INTO `track` (`playlist_ID`, `songID`) VALUES (:playlist_ID:, :songID:)', [...], false)
 2 SYSTEMPATH\Model.php(319): CodeIgniter\Database\BaseBuilder->insert()
 3 SYSTEMPATH\BaseModel.php(788): CodeIgniter\Model->doInsert([...])
 4 SYSTEMPATH\Model.php(715): CodeIgniter\BaseModel->insert([...], false)
 5 SYSTEMPATH\BaseModel.php(698): CodeIgniter\Model->insert([...], false)
 6 APPPATH\Controllers\MainController.php(98): CodeIgniter\BaseModel->save([...])
 7 SYSTEMPATH\CodeIgniter.php(919): App\Controllers\MainController->addToPlaylist()
 8 SYSTEMPATH\CodeIgniter.php(494): CodeIgniter\CodeIgniter->runController(Object(App\Controllers\MainController))
 9 SYSTEMPATH\CodeIgniter.php(353): CodeIgniter\CodeIgniter->handleRequest(null, Object(Config\Cache), false)
10 FCPATH\index.php(79): CodeIgniter\CodeIgniter->run()
11 SYSTEMPATH\Commands\Server\rewrite.php(47): require_once('C:\\laragon\\www\\Act2\\public\\index.php')
